<?xml version="1.0" encoding="UTF-8" ?>
<testsuites>
<testsuite name="Validate Registration and Login functionality" errors="0" tests="3" failures="0" time="0.188" timestamp="2022-11-16T19:39:10">
  <testcase classname="Validate Registration and Login functionality" name="register new user" time="0.095"></testcase>
  <testcase classname="Validate Registration and Login functionality" name="login user" time="0.07"></testcase>
  <testcase classname="Validate Registration and Login functionality" name="logout user" time="0.015"></testcase>
</testsuite>
</testsuites>